----------------af23560----------------
---------------------------------------
rocsparse elapsed time:127299(us)
Congratulation,pass 23560 validation!

../data/af23560.csr elapsed time:160(us)
---------------------------------------
----------------bayer10----------------
---------------------------------------
rocsparse elapsed time:29786(us)
Congratulation,pass 13436 validation!

../data/bayer10.csr elapsed time:144(us)
---------------------------------------
----------------bcsstk18----------------
---------------------------------------
rocsparse elapsed time:28066(us)
Congratulation,pass 11948 validation!

../data/bcsstk18.csr elapsed time:143(us)
---------------------------------------
----------------coater2----------------
---------------------------------------
rocsparse elapsed time:28515(us)
Congratulation,pass 9540 validation!

../data/coater2.csr elapsed time:195(us)
---------------------------------------
----------------dw4096----------------
---------------------------------------
rocsparse elapsed time:28684(us)
Congratulation,pass 8192 validation!

../data/dw4096.csr elapsed time:132(us)
---------------------------------------
----------------epb1----------------
---------------------------------------
rocsparse elapsed time:28902(us)
Congratulation,pass 14734 validation!

../data/epb1.csr elapsed time:128(us)
---------------------------------------
----------------exdata_1----------------
---------------------------------------
rocsparse elapsed time:27495(us)
Congratulation,pass 6001 validation!

../data/exdata_1.csr elapsed time:337(us)
---------------------------------------
----------------nemeth03----------------
---------------------------------------
rocsparse elapsed time:28282(us)
Congratulation,pass 9506 validation!

../data/nemeth03.csr elapsed time:173(us)
---------------------------------------
----------------poli_large----------------
---------------------------------------
rocsparse elapsed time:28407(us)
Congratulation,pass 15575 validation!

../data/poli_large.csr elapsed time:215(us)
---------------------------------------
----------------rajat03----------------
---------------------------------------
rocsparse elapsed time:29093(us)
Congratulation,pass 7602 validation!

../data/rajat03.csr elapsed time:125(us)
---------------------------------------
