----------------af23560----------------
---------------------------------------
rocsparse elapsed time:28339(us)
Congratulation,pass 23560 validation!

../data/af23560.csr elapsed time:208(us)
---------------------------------------
----------------bayer10----------------
---------------------------------------
rocsparse elapsed time:28439(us)
Congratulation,pass 13436 validation!

../data/bayer10.csr elapsed time:185(us)
---------------------------------------
----------------bcsstk18----------------
---------------------------------------
rocsparse elapsed time:29941(us)
Congratulation,pass 11948 validation!

../data/bcsstk18.csr elapsed time:187(us)
---------------------------------------
----------------coater2----------------
---------------------------------------
rocsparse elapsed time:28368(us)
Congratulation,pass 9540 validation!

../data/coater2.csr elapsed time:222(us)
---------------------------------------
----------------dw4096----------------
---------------------------------------
rocsparse elapsed time:28335(us)
Congratulation,pass 8192 validation!

../data/dw4096.csr elapsed time:189(us)
---------------------------------------
----------------epb1----------------
---------------------------------------
rocsparse elapsed time:28344(us)
Congratulation,pass 14734 validation!

../data/epb1.csr elapsed time:178(us)
---------------------------------------
----------------exdata_1----------------
---------------------------------------
rocsparse elapsed time:27719(us)
Congratulation,pass 6001 validation!

../data/exdata_1.csr elapsed time:334(us)
---------------------------------------
----------------nemeth03----------------
---------------------------------------
rocsparse elapsed time:28401(us)
Congratulation,pass 9506 validation!

../data/nemeth03.csr elapsed time:203(us)
---------------------------------------
----------------poli_large----------------
---------------------------------------
rocsparse elapsed time:28333(us)
Congratulation,pass 15575 validation!

../data/poli_large.csr elapsed time:188(us)
---------------------------------------
----------------rajat03----------------
---------------------------------------
rocsparse elapsed time:27885(us)
Congratulation,pass 7602 validation!

../data/rajat03.csr elapsed time:179(us)
---------------------------------------
