----------------af23560----------------
---------------------------------------
rocsparse elapsed time:127660(us)
Congratulation,pass 23560 validation!

../data/af23560.csr elapsed time:171(us)
---------------------------------------
----------------bayer10----------------
---------------------------------------
rocsparse elapsed time:28414(us)
Congratulation,pass 13436 validation!

../data/bayer10.csr elapsed time:125(us)
---------------------------------------
----------------bcsstk18----------------
---------------------------------------
rocsparse elapsed time:27808(us)
Congratulation,pass 11948 validation!

../data/bcsstk18.csr elapsed time:113(us)
---------------------------------------
----------------coater2----------------
---------------------------------------
rocsparse elapsed time:28248(us)
Congratulation,pass 9540 validation!

../data/coater2.csr elapsed time:209(us)
---------------------------------------
----------------dw4096----------------
---------------------------------------
rocsparse elapsed time:28030(us)
Congratulation,pass 8192 validation!

../data/dw4096.csr elapsed time:61(us)
---------------------------------------
----------------epb1----------------
---------------------------------------
rocsparse elapsed time:28435(us)
Congratulation,pass 14734 validation!

../data/epb1.csr elapsed time:96(us)
---------------------------------------
----------------exdata_1----------------
---------------------------------------
rocsparse elapsed time:27261(us)
Congratulation,pass 6001 validation!

../data/exdata_1.csr elapsed time:1022(us)
---------------------------------------
----------------nemeth03----------------
---------------------------------------
rocsparse elapsed time:28008(us)
Congratulation,pass 9506 validation!

../data/nemeth03.csr elapsed time:176(us)
---------------------------------------
----------------poli_large----------------
---------------------------------------
rocsparse elapsed time:30839(us)
Congratulation,pass 15575 validation!

../data/poli_large.csr elapsed time:298(us)
---------------------------------------
----------------rajat03----------------
---------------------------------------
rocsparse elapsed time:28236(us)
Congratulation,pass 7602 validation!

../data/rajat03.csr elapsed time:103(us)
---------------------------------------
