----------------af23560----------------
---------------------------------------
rocsparse elapsed time:126715(us)
Congratulation,pass 23560 validation!

../data/af23560.csr elapsed time:148(us)
---------------------------------------
----------------bayer10----------------
---------------------------------------
rocsparse elapsed time:28109(us)
Congratulation,pass 13436 validation!

../data/bayer10.csr elapsed time:121(us)
---------------------------------------
----------------bcsstk18----------------
---------------------------------------
rocsparse elapsed time:28932(us)
Congratulation,pass 11948 validation!

../data/bcsstk18.csr elapsed time:120(us)
---------------------------------------
----------------coater2----------------
---------------------------------------
rocsparse elapsed time:28265(us)
Congratulation,pass 9540 validation!

../data/coater2.csr elapsed time:196(us)
---------------------------------------
----------------dw4096----------------
---------------------------------------
rocsparse elapsed time:28977(us)
Congratulation,pass 8192 validation!

../data/dw4096.csr elapsed time:104(us)
---------------------------------------
----------------epb1----------------
---------------------------------------
rocsparse elapsed time:28133(us)
Congratulation,pass 14734 validation!

../data/epb1.csr elapsed time:100(us)
---------------------------------------
----------------exdata_1----------------
---------------------------------------
rocsparse elapsed time:27222(us)
Congratulation,pass 6001 validation!

../data/exdata_1.csr elapsed time:626(us)
---------------------------------------
----------------nemeth03----------------
---------------------------------------
rocsparse elapsed time:28102(us)
Congratulation,pass 9506 validation!

../data/nemeth03.csr elapsed time:159(us)
---------------------------------------
----------------poli_large----------------
---------------------------------------
rocsparse elapsed time:28276(us)
Congratulation,pass 15575 validation!

../data/poli_large.csr elapsed time:210(us)
---------------------------------------
----------------rajat03----------------
---------------------------------------
rocsparse elapsed time:28310(us)
Congratulation,pass 7602 validation!

../data/rajat03.csr elapsed time:102(us)
---------------------------------------
