----------------af23560----------------
---------------------------------------
rocsparse elapsed time:28682(us)
Congratulation,pass 23560 validation!

../data/af23560.csr elapsed time:176189(us)
---------------------------------------
----------------bayer10----------------
---------------------------------------
rocsparse elapsed time:28720(us)
Congratulation,pass 13436 validation!

../data/bayer10.csr elapsed time:39740(us)
---------------------------------------
----------------bcsstk18----------------
---------------------------------------
rocsparse elapsed time:27924(us)
Congratulation,pass 11948 validation!

../data/bcsstk18.csr elapsed time:34193(us)
---------------------------------------
----------------coater2----------------
---------------------------------------
rocsparse elapsed time:28064(us)
Congratulation,pass 9540 validation!

../data/coater2.csr elapsed time:74860(us)
---------------------------------------
----------------dw4096----------------
---------------------------------------
rocsparse elapsed time:28215(us)
Congratulation,pass 8192 validation!

../data/dw4096.csr elapsed time:18872(us)
---------------------------------------
----------------epb1----------------
---------------------------------------
rocsparse elapsed time:28496(us)
Congratulation,pass 14734 validation!

../data/epb1.csr elapsed time:40217(us)
---------------------------------------
----------------exdata_1----------------
---------------------------------------
rocsparse elapsed time:27507(us)
Congratulation,pass 6001 validation!

../data/exdata_1.csr elapsed time:392518(us)
---------------------------------------
----------------nemeth03----------------
---------------------------------------
rocsparse elapsed time:28627(us)
Congratulation,pass 9506 validation!

../data/nemeth03.csr elapsed time:71521(us)
---------------------------------------
----------------poli_large----------------
---------------------------------------
rocsparse elapsed time:28876(us)
Congratulation,pass 15575 validation!

../data/poli_large.csr elapsed time:20629(us)
---------------------------------------
----------------rajat03----------------
---------------------------------------
rocsparse elapsed time:28472(us)
Congratulation,pass 7602 validation!

../data/rajat03.csr elapsed time:15560(us)
---------------------------------------
