----------------af23560----------------
---------------------------------------
rocsparse elapsed time:152644(us)
Congratulation,pass 23560 validation!

../data/af23560.csr elapsed time:170(us)
---------------------------------------
----------------bayer10----------------
---------------------------------------
rocsparse elapsed time:27697(us)
Congratulation,pass 13436 validation!

../data/bayer10.csr elapsed time:85(us)
---------------------------------------
----------------bcsstk18----------------
---------------------------------------
rocsparse elapsed time:27987(us)
Congratulation,pass 11948 validation!

../data/bcsstk18.csr elapsed time:94(us)
---------------------------------------
----------------coater2----------------
---------------------------------------
rocsparse elapsed time:27927(us)
Congratulation,pass 9540 validation!

../data/coater2.csr elapsed time:171(us)
---------------------------------------
----------------dw4096----------------
---------------------------------------
rocsparse elapsed time:29100(us)
Congratulation,pass 8192 validation!

../data/dw4096.csr elapsed time:33(us)
---------------------------------------
----------------epb1----------------
---------------------------------------
rocsparse elapsed time:28527(us)
Congratulation,pass 14734 validation!

../data/epb1.csr elapsed time:38(us)
---------------------------------------
----------------exdata_1----------------
---------------------------------------
rocsparse elapsed time:28735(us)
Congratulation,pass 6001 validation!

../data/exdata_1.csr elapsed time:2494(us)
---------------------------------------
----------------nemeth03----------------
---------------------------------------
rocsparse elapsed time:28880(us)
Congratulation,pass 9506 validation!

../data/nemeth03.csr elapsed time:137(us)
---------------------------------------
----------------poli_large----------------
---------------------------------------
rocsparse elapsed time:28576(us)
Congratulation,pass 15575 validation!

../data/poli_large.csr elapsed time:408(us)
---------------------------------------
----------------rajat03----------------
---------------------------------------
rocsparse elapsed time:28282(us)
Congratulation,pass 7602 validation!

../data/rajat03.csr elapsed time:90(us)
---------------------------------------
