----------------af23560----------------
---------------------------------------
rocsparse elapsed time:127218(us)
Congratulation,pass 23560 validation!

../data/af23560.csr elapsed time:171(us)
---------------------------------------
----------------bayer10----------------
---------------------------------------
rocsparse elapsed time:29398(us)
Congratulation,pass 13436 validation!

../data/bayer10.csr elapsed time:55(us)
---------------------------------------
----------------bcsstk18----------------
---------------------------------------
rocsparse elapsed time:28424(us)
Congratulation,pass 11948 validation!

../data/bcsstk18.csr elapsed time:85(us)
---------------------------------------
----------------coater2----------------
---------------------------------------
rocsparse elapsed time:28359(us)
Congratulation,pass 9540 validation!

../data/coater2.csr elapsed time:137(us)
---------------------------------------
----------------dw4096----------------
---------------------------------------
rocsparse elapsed time:29016(us)
Congratulation,pass 8192 validation!

../data/dw4096.csr elapsed time:32(us)
---------------------------------------
----------------epb1----------------
---------------------------------------
rocsparse elapsed time:28752(us)
Congratulation,pass 14734 validation!

../data/epb1.csr elapsed time:36(us)
---------------------------------------
----------------exdata_1----------------
---------------------------------------
rocsparse elapsed time:27393(us)
Congratulation,pass 6001 validation!

../data/exdata_1.csr elapsed time:1552(us)
---------------------------------------
----------------nemeth03----------------
---------------------------------------
rocsparse elapsed time:27882(us)
Congratulation,pass 9506 validation!

../data/nemeth03.csr elapsed time:106(us)
---------------------------------------
----------------poli_large----------------
---------------------------------------
rocsparse elapsed time:28409(us)
Congratulation,pass 15575 validation!

../data/poli_large.csr elapsed time:411(us)
---------------------------------------
----------------rajat03----------------
---------------------------------------
rocsparse elapsed time:28260(us)
Congratulation,pass 7602 validation!

../data/rajat03.csr elapsed time:88(us)
---------------------------------------
