----------------af23560----------------
---------------------------------------
rocsparse elapsed time:142095(us)
Congratulation,pass 23560 validation!

../data/af23560.csr elapsed time:182(us)
---------------------------------------
----------------bayer10----------------
---------------------------------------
rocsparse elapsed time:29541(us)
Congratulation,pass 13436 validation!

../data/bayer10.csr elapsed time:80(us)
---------------------------------------
----------------bcsstk18----------------
---------------------------------------
rocsparse elapsed time:28889(us)
Congratulation,pass 11948 validation!

../data/bcsstk18.csr elapsed time:84(us)
---------------------------------------
----------------coater2----------------
---------------------------------------
rocsparse elapsed time:28279(us)
Congratulation,pass 9540 validation!

../data/coater2.csr elapsed time:137(us)
---------------------------------------
----------------dw4096----------------
---------------------------------------
rocsparse elapsed time:28229(us)
Congratulation,pass 8192 validation!

../data/dw4096.csr elapsed time:33(us)
---------------------------------------
----------------epb1----------------
---------------------------------------
rocsparse elapsed time:28317(us)
Congratulation,pass 14734 validation!

../data/epb1.csr elapsed time:37(us)
---------------------------------------
----------------exdata_1----------------
---------------------------------------
rocsparse elapsed time:27953(us)
Congratulation,pass 6001 validation!

../data/exdata_1.csr elapsed time:1153(us)
---------------------------------------
----------------nemeth03----------------
---------------------------------------
rocsparse elapsed time:28121(us)
Congratulation,pass 9506 validation!

../data/nemeth03.csr elapsed time:108(us)
---------------------------------------
----------------poli_large----------------
---------------------------------------
rocsparse elapsed time:28096(us)
Congratulation,pass 15575 validation!

../data/poli_large.csr elapsed time:408(us)
---------------------------------------
----------------rajat03----------------
---------------------------------------
rocsparse elapsed time:30259(us)
Congratulation,pass 7602 validation!

../data/rajat03.csr elapsed time:88(us)
---------------------------------------
